2024-09-12 22:38:03,659 [INFO] Activator:176 - 


2024-09-12 22:38:03,661 [INFO] Activator:177 - !SESSION log4j initialized
2024-09-12 22:38:06,275 [INFO] LogOutputStream:77 - [STDOUT_REDIRECT] 
2024-09-12 22:38:08,495 [INFO] ApplicationProperties:184 - Using Application install path: C:\ST\STM32CubeIDE_1.16.0\STM32CubeIDE\plugins\com.st.stm32cube.common.mx_6.12.0.202406281431
2024-09-12 22:38:08,509 [INFO] DbMcusXml:78 - Set database path to: C:\ST\STM32CubeIDE_1.16.0\STM32CubeIDE\plugins\com.st.stm32cube.common.mx_6.12.0.202406281431\\db\/mcu/
2024-09-12 22:38:08,509 [INFO] ApiDb:274 - Set plugin database path to: C:\ST\STM32CubeIDE_1.16.0\STM32CubeIDE\plugins\com.st.stm32cube.common.mx_6.12.0.202406281431\\db\/plugins/boardmanager/
2024-09-12 22:38:08,510 [WARN] ApiDb:259 - Overriding images path with different value:  => C:\ST\STM32CubeIDE_1.16.0\STM32CubeIDE\plugins\com.st.stm32cube.common.mx_6.12.0.202406281431\\db\/plugins/mcufinder/images/
2024-09-12 22:38:08,514 [INFO] ApiDb:250 - Set database path to: C:\Users\wsrra\.stmcufinder\plugins\mcufinder//mcu/
2024-09-12 22:38:08,515 [INFO] DbMcusAds:125 - Set database path to: C:\Users\wsrra\.stmcufinder\plugins\mcufinder//mcu/
2024-09-12 22:38:08,517 [INFO] CrossReferenceDbSqlite:203 - Set database path to: C:\Users\wsrra\.stmcufinder\plugins\mcufinder//mcu/cs/
2024-09-12 22:38:08,604 [INFO] RulesReader:64 - Compatibility file has been processed (297 Rules)
2024-09-12 22:38:08,652 [INFO] DbMcusXml:78 - Set database path to: C:\ST\STM32CubeIDE_1.16.0\STM32CubeIDE\plugins\com.st.stm32cube.common.mx_6.12.0.202406281431\\db\/mcu/
2024-09-12 22:38:08,652 [INFO] ApiDb:274 - Set plugin database path to: C:\ST\STM32CubeIDE_1.16.0\STM32CubeIDE\plugins\com.st.stm32cube.common.mx_6.12.0.202406281431\\db\/plugins/boardmanager/
2024-09-12 22:38:08,652 [INFO] ApiDb:261 - Set plugin images path to: C:\ST\STM32CubeIDE_1.16.0\STM32CubeIDE\plugins\com.st.stm32cube.common.mx_6.12.0.202406281431\\db\/plugins/mcufinder/images/
2024-09-12 22:38:08,652 [WARN] DbFile:41 - Overriding database path with different value: C:\Users\wsrra\.stmcufinder\plugins\mcufinder/ => C:\Users\wsrra\.stmcufinder\plugins\mcufinder
2024-09-12 22:38:08,652 [INFO] ApiDb:250 - Set database path to: C:\Users\wsrra\.stmcufinder\plugins\mcufinder//mcu/
2024-09-12 22:38:08,653 [WARN] DbFile:41 - Overriding database path with different value: C:\Users\wsrra\.stmcufinder\plugins\mcufinder/ => C:\Users\wsrra\.stmcufinder\plugins\mcufinder
2024-09-12 22:38:08,653 [INFO] DbMcusAds:125 - Set database path to: C:\Users\wsrra\.stmcufinder\plugins\mcufinder//mcu/
2024-09-12 22:38:08,653 [WARN] DbFile:41 - Overriding database path with different value: C:\Users\wsrra\.stmcufinder\plugins\mcufinder/ => C:\Users\wsrra\.stmcufinder\plugins\mcufinder
2024-09-12 22:38:08,653 [WARN] DbFile:41 - Overriding database path with different value: C:\Users\wsrra\.stmcufinder\plugins\mcufinder/ => C:\Users\wsrra\.stmcufinder\plugins\mcufinder
2024-09-12 22:38:08,653 [INFO] CrossReferenceDbSqlite:203 - Set database path to: C:\Users\wsrra\.stmcufinder\plugins\mcufinder//mcu/cs/
2024-09-12 22:38:08,732 [INFO] MainPanel:268 - HeapMemory: 268435456
2024-09-12 22:38:08,798 [INFO] DbMcusXml:78 - Set database path to: C:\ST\STM32CubeIDE_1.16.0\STM32CubeIDE\plugins\com.st.stm32cube.common.mx_6.12.0.202406281431\\db\/mcu/
2024-09-12 22:38:08,798 [INFO] ApiDb:274 - Set plugin database path to: C:\ST\STM32CubeIDE_1.16.0\STM32CubeIDE\plugins\com.st.stm32cube.common.mx_6.12.0.202406281431\\db\/plugins/boardmanager/
2024-09-12 22:38:08,798 [INFO] ApiDb:261 - Set plugin images path to: C:\ST\STM32CubeIDE_1.16.0\STM32CubeIDE\plugins\com.st.stm32cube.common.mx_6.12.0.202406281431\\db\/plugins/mcufinder/images/
2024-09-12 22:38:08,799 [WARN] DbFile:41 - Overriding database path with different value: C:\Users\wsrra\.stmcufinder\plugins\mcufinder/ => C:\Users\wsrra\.stmcufinder\plugins\mcufinder
2024-09-12 22:38:08,799 [INFO] ApiDb:250 - Set database path to: C:\Users\wsrra\.stmcufinder\plugins\mcufinder//mcu/
2024-09-12 22:38:08,799 [WARN] DbFile:41 - Overriding database path with different value: C:\Users\wsrra\.stmcufinder\plugins\mcufinder/ => C:\Users\wsrra\.stmcufinder\plugins\mcufinder
2024-09-12 22:38:08,799 [INFO] DbMcusAds:125 - Set database path to: C:\Users\wsrra\.stmcufinder\plugins\mcufinder//mcu/
2024-09-12 22:38:08,799 [WARN] DbFile:41 - Overriding database path with different value: C:\Users\wsrra\.stmcufinder\plugins\mcufinder/ => C:\Users\wsrra\.stmcufinder\plugins\mcufinder
2024-09-12 22:38:08,799 [WARN] DbFile:41 - Overriding database path with different value: C:\Users\wsrra\.stmcufinder\plugins\mcufinder/ => C:\Users\wsrra\.stmcufinder\plugins\mcufinder
2024-09-12 22:38:08,799 [INFO] CrossReferenceDbSqlite:203 - Set database path to: C:\Users\wsrra\.stmcufinder\plugins\mcufinder//mcu/cs/
2024-09-12 22:38:08,811 [INFO] ApplicationProperties:184 - Using Application install path: C:\ST\STM32CubeIDE_1.16.0\STM32CubeIDE\plugins\com.st.stm32cube.common.mx_6.12.0.202406281431
2024-09-12 22:38:08,812 [INFO] PluginManage:196 - Search for loadable plugins [exclusion list=, ]
2024-09-12 22:38:08,813 [INFO] PluginManage:310 - Check plugin analytics
2024-09-12 22:38:08,968 [INFO] AnalyticsPlugin:253 - Accepted Software Licenses: 
2024-09-12 22:38:08,969 [INFO] AnalyticsPlugin:255 - Accepted CMSIS Pack Licenses: 
2024-09-12 22:38:08,969 [INFO] AnalyticsPlugin:257 - Accepted Firmware Licenses: 
2024-09-12 22:38:08,970 [INFO] PluginManage:359 - Loaded plugin analytics (category:tool,tabindex:-1)
2024-09-12 22:38:08,970 [INFO] PluginManage:310 - Check plugin cadmodel
2024-09-12 22:38:08,974 [INFO] CADModel:105 - Init CAD model plugin
2024-09-12 22:38:08,974 [INFO] PluginManage:359 - Loaded plugin cadmodel (category:power,tabindex:5)
2024-09-12 22:38:08,975 [INFO] PluginManage:310 - Check plugin clock
2024-09-12 22:38:08,982 [INFO] PluginManage:359 - Loaded plugin clock (category:base,tabindex:2)
2024-09-12 22:38:08,982 [INFO] PluginManage:310 - Check plugin ddr
2024-09-12 22:38:08,983 [INFO] PluginManage:359 - Loaded plugin ddr (category:tool,tabindex:6)
2024-09-12 22:38:08,983 [INFO] PluginManage:310 - Check plugin filemanager
2024-09-12 22:38:09,104 [INFO] PluginManage:359 - Loaded plugin filemanager (category:base,tabindex:10)
2024-09-12 22:38:09,104 [INFO] PluginManage:310 - Check plugin ipmanager
2024-09-12 22:38:09,110 [INFO] PluginManage:359 - Loaded plugin ipmanager (category:base,tabindex:5)
2024-09-12 22:38:09,110 [INFO] PluginManage:310 - Check plugin lpbam
2024-09-12 22:38:09,117 [INFO] PluginManage:359 - Loaded plugin lpbam (category:base,tabindex:0)
2024-09-12 22:38:09,118 [INFO] PluginManage:310 - Check plugin memorymap
2024-09-12 22:38:09,126 [INFO] PluginManage:359 - Loaded plugin memorymap (category:base,tabindex:4)
2024-09-12 22:38:09,126 [INFO] PluginManage:310 - Check plugin pinoutandconfiguration
2024-09-12 22:38:09,132 [INFO] PluginManage:359 - Loaded plugin pinoutandconfiguration (category:base,tabindex:1)
2024-09-12 22:38:09,132 [INFO] PluginManage:310 - Check plugin pinoutconfig
2024-09-12 22:38:09,203 [WARN] SupportedApi:132 - Cannot load RTOS API schema: s4s-elt-must-match.1: The content of 'definitions' must match (annotation?, (simpleType | complexType)?, (unique | key | keyref)*)). A problem was found starting at: attribute.
2024-09-12 22:38:09,312 [INFO] PluginManage:359 - Loaded plugin pinoutconfig (category:base,tabindex:0)
2024-09-12 22:38:09,312 [INFO] PluginManage:310 - Check plugin power
2024-09-12 22:38:09,318 [INFO] PluginManage:359 - Loaded plugin power (category:power,tabindex:4)
2024-09-12 22:38:09,318 [INFO] PluginManage:310 - Check plugin projectmanager
2024-09-12 22:38:09,334 [INFO] PluginManage:359 - Loaded plugin projectmanager (category:projectmanager,tabindex:4)
2024-09-12 22:38:09,334 [INFO] PluginManage:310 - Check plugin rif
2024-09-12 22:38:09,337 [INFO] PluginManage:359 - Loaded plugin rif (category:base,tabindex:3)
2024-09-12 22:38:09,338 [INFO] PluginManage:310 - Check plugin thirdparty
2024-09-12 22:38:09,425 [INFO] PluginManage:359 - Loaded plugin thirdparty (category:base,tabindex:-1)
2024-09-12 22:38:09,425 [WARN] IntegrityCheckThread:84 - waiting for thirdparty lock release [integrity check]
2024-09-12 22:38:09,426 [INFO] IntegrityCheckThread:86 - entering critical section [integrity check]
2024-09-12 22:38:09,426 [INFO] PluginManage:310 - Check plugin tools
2024-09-12 22:38:09,426 [INFO] ThirdPartyUpdaterWithRetryManager:70 - Updater plugin not ready yet. [1/15]
2024-09-12 22:38:09,427 [INFO] PluginManage:359 - Loaded plugin tools (category:base,tabindex:7)
2024-09-12 22:38:09,428 [INFO] PluginManage:310 - Check plugin tutovideos
2024-09-12 22:38:09,579 [INFO] PluginManage:359 - Loaded plugin tutovideos (category:base,tabindex:-1)
2024-09-12 22:38:09,579 [INFO] PluginManage:310 - Check plugin updater
2024-09-12 22:38:09,592 [INFO] PluginManage:359 - Loaded plugin updater (category:base,tabindex:12)
2024-09-12 22:38:09,593 [INFO] PluginManage:310 - Check plugin userauth
2024-09-12 22:38:09,597 [INFO] UserAuth:113 - Init User Auth plugin
2024-09-12 22:38:09,597 [INFO] PluginManage:359 - Loaded plugin userauth (category:base,tabindex:14)
2024-09-12 22:38:09,598 [INFO] PluginManage:283 - PluginManage : Loaded plugins [18]
2024-09-12 22:38:09,743 [INFO] PinOutPanel:1561 - setPackage(No Configuration,No Configuration)
2024-09-12 22:38:09,816 [INFO] CADModel:165 - CPN selected for project level
2024-09-12 22:38:09,816 [INFO] CADModel:114 - Register for checkConnection events
2024-09-12 22:38:09,827 [INFO] IPUIPlugin:80 - create IPUIPlugin
2024-09-12 22:38:09,828 [INFO] PluginManager:220 - loadIPPluginJar : add adc
2024-09-12 22:38:09,829 [INFO] IPUIPlugin:80 - create IPUIPlugin
2024-09-12 22:38:09,829 [INFO] PluginManager:220 - loadIPPluginJar : add aes
2024-09-12 22:38:09,831 [INFO] IPUIPlugin:80 - create IPUIPlugin
2024-09-12 22:38:09,831 [INFO] PluginManager:220 - loadIPPluginJar : add can
2024-09-12 22:38:09,832 [INFO] IPUIPlugin:80 - create IPUIPlugin
2024-09-12 22:38:09,832 [INFO] PluginManager:220 - loadIPPluginJar : add comp
2024-09-12 22:38:09,833 [INFO] IPUIPlugin:80 - create IPUIPlugin
2024-09-12 22:38:09,833 [INFO] PluginManager:220 - loadIPPluginJar : add cryp
2024-09-12 22:38:09,835 [INFO] IPUIPlugin:80 - create IPUIPlugin
2024-09-12 22:38:09,835 [INFO] PluginManager:220 - loadIPPluginJar : add ddr_ctrl_phy
2024-09-12 22:38:09,836 [INFO] IPUIPlugin:80 - create IPUIPlugin
2024-09-12 22:38:09,836 [INFO] PluginManager:220 - loadIPPluginJar : add dfsdm
2024-09-12 22:38:09,840 [INFO] IPUIPlugin:80 - create IPUIPlugin
2024-09-12 22:38:09,840 [INFO] PluginManager:220 - loadIPPluginJar : add dma
2024-09-12 22:38:09,841 [INFO] IPUIPlugin:80 - create IPUIPlugin
2024-09-12 22:38:09,841 [INFO] PluginManager:220 - loadIPPluginJar : add dma3
2024-09-12 22:38:09,843 [INFO] IPUIPlugin:80 - create IPUIPlugin
2024-09-12 22:38:09,843 [INFO] PluginManager:220 - loadIPPluginJar : add extmemmanager
2024-09-12 22:38:09,844 [INFO] IPUIPlugin:80 - create IPUIPlugin
2024-09-12 22:38:09,844 [INFO] PluginManager:220 - loadIPPluginJar : add fatfs
2024-09-12 22:38:09,846 [INFO] IPUIPlugin:80 - create IPUIPlugin
2024-09-12 22:38:09,846 [INFO] PluginManager:220 - loadIPPluginJar : add fmc
2024-09-12 22:38:09,850 [INFO] IPUIPlugin:80 - create IPUIPlugin
2024-09-12 22:38:09,850 [INFO] PluginManager:220 - loadIPPluginJar : add freertos
2024-09-12 22:38:09,850 [INFO] IPUIPlugin:80 - create IPUIPlugin
2024-09-12 22:38:09,851 [INFO] PluginManager:220 - loadIPPluginJar : add genericplugin
2024-09-12 22:38:09,852 [INFO] IPUIPlugin:80 - create IPUIPlugin
2024-09-12 22:38:09,852 [INFO] PluginManager:220 - loadIPPluginJar : add gfxmmu
2024-09-12 22:38:09,855 [INFO] IPUIPlugin:80 - create IPUIPlugin
2024-09-12 22:38:09,855 [INFO] PluginManager:220 - loadIPPluginJar : add gic
2024-09-12 22:38:09,857 [INFO] IPUIPlugin:80 - create IPUIPlugin
2024-09-12 22:38:09,857 [INFO] PluginManager:220 - loadIPPluginJar : add gpio
2024-09-12 22:38:09,858 [INFO] IPUIPlugin:80 - create IPUIPlugin
2024-09-12 22:38:09,859 [INFO] PluginManager:220 - loadIPPluginJar : add gtzc
2024-09-12 22:38:09,860 [INFO] IPUIPlugin:80 - create IPUIPlugin
2024-09-12 22:38:09,860 [INFO] PluginManager:220 - loadIPPluginJar : add hash
2024-09-12 22:38:09,861 [INFO] IPUIPlugin:80 - create IPUIPlugin
2024-09-12 22:38:09,861 [INFO] PluginManager:220 - loadIPPluginJar : add i2c
2024-09-12 22:38:09,863 [INFO] IPUIPlugin:80 - create IPUIPlugin
2024-09-12 22:38:09,863 [INFO] PluginManager:220 - loadIPPluginJar : add i2s
2024-09-12 22:38:09,864 [INFO] IPUIPlugin:80 - create IPUIPlugin
2024-09-12 22:38:09,864 [INFO] PluginManager:220 - loadIPPluginJar : add i3c
2024-09-12 22:38:09,866 [INFO] IPUIPlugin:80 - create IPUIPlugin
2024-09-12 22:38:09,867 [INFO] PluginManager:220 - loadIPPluginJar : add ipddr
2024-09-12 22:38:09,871 [INFO] IPUIPlugin:80 - create IPUIPlugin
2024-09-12 22:38:09,871 [INFO] PluginManager:220 - loadIPPluginJar : add linkedlist
2024-09-12 22:38:09,873 [INFO] IPUIPlugin:80 - create IPUIPlugin
2024-09-12 22:38:09,873 [INFO] PluginManager:220 - loadIPPluginJar : add lorawan
2024-09-12 22:38:09,874 [INFO] IPUIPlugin:80 - create IPUIPlugin
2024-09-12 22:38:09,874 [INFO] PluginManager:220 - loadIPPluginJar : add ltdc
2024-09-12 22:38:09,877 [INFO] IPUIPlugin:80 - create IPUIPlugin
2024-09-12 22:38:09,877 [INFO] PluginManager:220 - loadIPPluginJar : add mdma
2024-09-12 22:38:09,879 [INFO] IPUIPlugin:80 - create IPUIPlugin
2024-09-12 22:38:09,879 [INFO] PluginManager:220 - loadIPPluginJar : add nvic
2024-09-12 22:38:09,881 [INFO] IPUIPlugin:80 - create IPUIPlugin
2024-09-12 22:38:09,881 [INFO] PluginManager:220 - loadIPPluginJar : add opamp
2024-09-12 22:38:09,883 [INFO] IPUIPlugin:80 - create IPUIPlugin
2024-09-12 22:38:09,883 [INFO] PluginManager:220 - loadIPPluginJar : add openamp
2024-09-12 22:38:09,886 [INFO] IPUIPlugin:80 - create IPUIPlugin
2024-09-12 22:38:09,886 [INFO] PluginManager:220 - loadIPPluginJar : add pdm2pcm
2024-09-12 22:38:09,890 [INFO] IPUIPlugin:80 - create IPUIPlugin
2024-09-12 22:38:09,891 [INFO] PluginManager:220 - loadIPPluginJar : add plateformsettings
2024-09-12 22:38:09,892 [INFO] IPUIPlugin:80 - create IPUIPlugin
2024-09-12 22:38:09,892 [INFO] PluginManager:220 - loadIPPluginJar : add quadspi
2024-09-12 22:38:09,893 [INFO] IPUIPlugin:80 - create IPUIPlugin
2024-09-12 22:38:09,893 [INFO] PluginManager:220 - loadIPPluginJar : add radio
2024-09-12 22:38:09,895 [INFO] IPUIPlugin:80 - create IPUIPlugin
2024-09-12 22:38:09,896 [INFO] PluginManager:220 - loadIPPluginJar : add resmgrutility
2024-09-12 22:38:09,898 [INFO] IPUIPlugin:80 - create IPUIPlugin
2024-09-12 22:38:09,898 [INFO] PluginManager:220 - loadIPPluginJar : add sai
2024-09-12 22:38:09,900 [INFO] IPUIPlugin:80 - create IPUIPlugin
2024-09-12 22:38:09,900 [INFO] PluginManager:220 - loadIPPluginJar : add spi
2024-09-12 22:38:09,903 [INFO] IPUIPlugin:80 - create IPUIPlugin
2024-09-12 22:38:09,903 [INFO] PluginManager:220 - loadIPPluginJar : add stm32_wpan
2024-09-12 22:38:09,904 [INFO] IPUIPlugin:80 - create IPUIPlugin
2024-09-12 22:38:09,904 [INFO] PluginManager:220 - loadIPPluginJar : add tim
2024-09-12 22:38:09,906 [INFO] IPUIPlugin:80 - create IPUIPlugin
2024-09-12 22:38:09,906 [INFO] PluginManager:220 - loadIPPluginJar : add touchsensing
2024-09-12 22:38:09,907 [INFO] IPUIPlugin:80 - create IPUIPlugin
2024-09-12 22:38:09,907 [INFO] PluginManager:220 - loadIPPluginJar : add tracer_emb
2024-09-12 22:38:09,908 [INFO] IPUIPlugin:80 - create IPUIPlugin
2024-09-12 22:38:09,908 [INFO] PluginManager:220 - loadIPPluginJar : add ts
2024-09-12 22:38:09,909 [INFO] IPUIPlugin:80 - create IPUIPlugin
2024-09-12 22:38:09,909 [INFO] PluginManager:220 - loadIPPluginJar : add tsc
2024-09-12 22:38:09,911 [INFO] IPUIPlugin:80 - create IPUIPlugin
2024-09-12 22:38:09,911 [INFO] PluginManager:220 - loadIPPluginJar : add ucpd
2024-09-12 22:38:09,913 [INFO] IPUIPlugin:80 - create IPUIPlugin
2024-09-12 22:38:09,913 [INFO] PluginManager:220 - loadIPPluginJar : add usart
2024-09-12 22:38:09,915 [INFO] IPUIPlugin:80 - create IPUIPlugin
2024-09-12 22:38:09,915 [INFO] PluginManager:220 - loadIPPluginJar : add usbx
2024-09-12 22:38:10,031 [INFO] CADModel:165 - CPN selected for project level
2024-09-12 22:38:10,032 [INFO] CADModel:114 - Register for checkConnection events
2024-09-12 22:38:10,032 [FATAL] Updater:334 - Updater called before beeing initialized
2024-09-12 22:38:10,033 [ERROR] CADModel:125 - Updater not yet initialized, retry later 
2024-09-12 22:38:10,133 [INFO] CADModel:165 - CPN selected for project level
2024-09-12 22:38:10,133 [INFO] CADModel:114 - Register for checkConnection events
2024-09-12 22:38:10,133 [FATAL] Updater:334 - Updater called before beeing initialized
2024-09-12 22:38:10,133 [ERROR] CADModel:125 - Updater not yet initialized, retry later 
2024-09-12 22:38:10,136 [FATAL] Updater:334 - Updater called before beeing initialized
2024-09-12 22:38:10,225 [FATAL] Updater:334 - Updater called before beeing initialized
2024-09-12 22:38:10,229 [INFO] DbMcusAds:53 - JSON generation date=Thu May 16 15:22:00 BDT 2024 (1715851320667)
2024-09-12 22:38:10,229 [FATAL] Updater:334 - Updater called before beeing initialized
2024-09-12 22:38:10,260 [WARN] DetailPanel:346 - Failed to get advertising image, set to default
2024-09-12 22:38:10,352 [FATAL] Updater:334 - Updater called before beeing initialized
2024-09-12 22:38:10,353 [FATAL] Updater:334 - Updater called before beeing initialized
2024-09-12 22:38:10,353 [FATAL] Updater:334 - Updater called before beeing initialized
2024-09-12 22:38:10,354 [WARN] DetailPanel:346 - Failed to get advertising image, set to default
2024-09-12 22:38:10,354 [FATAL] Updater:334 - Updater called before beeing initialized
2024-09-12 22:38:10,425 [ERROR] Updater:1164 - MainUpdater not yet initialized. External WinMGr cannot be set.
2024-09-12 22:38:10,428 [INFO] Updater:1100 - Updater Version found : 6.12.0
2024-09-12 22:38:10,449 [INFO] ApplicationProperties:184 - Using Application install path: C:\ST\STM32CubeIDE_1.16.0\STM32CubeIDE\plugins\com.st.stm32cube.common.mx_6.12.0.202406281431
2024-09-12 22:38:11,664 [INFO] MainUpdater:2873 - connection check result : 10
2024-09-12 22:38:11,664 [INFO] MainUpdater:290 - Updater Check For Update Now.
2024-09-12 22:38:11,664 [INFO] MicroXplorer:498 - Change Database Version : DB.6.0.120
2024-09-12 22:38:11,670 [INFO] McuFinderGlobals:63 - Set McuFinder mode to 2 (CubeIDE integrated)
2024-09-12 22:38:11,670 [INFO] UserAuth:179 - activating auth plugin
2024-09-12 22:38:11,674 [INFO] UserAuth:417 - Internet connection configuration mode: 1
2024-09-12 22:38:11,692 [INFO] JxBrowserEngine:152 - Initiate JxBrowser Engine with user profile folder
2024-09-12 22:38:11,843 [INFO] CheckServerUpdateThread:120 - End of CheckServer Thread
2024-09-12 22:38:12,387 [INFO] WebApp:167 - Instantiating new browser for Auth
2024-09-12 22:38:12,676 [WARN] PackLoader:240 - Cannot read IP mode file for STMicroelectronics.FP-SNS-MOTENVWB1.1.4.0
2024-09-12 22:38:12,697 [WARN] PackLoader:240 - Cannot read IP mode file for STMicroelectronics.X-CUBE-SMBUS.2.1.0
2024-09-12 22:38:12,708 [WARN] PackLoader:240 - Cannot read IP mode file for STMicroelectronics.X-CUBE-TOUCHGFX.4.23.1
2024-09-12 22:38:12,716 [WARN] PackLoader:240 - Cannot read IP mode file for STMicroelectronics.X-CUBE-TOUCHGFX.4.23.0
2024-09-12 22:38:12,722 [WARN] PackLoader:240 - Cannot read IP mode file for STMicroelectronics.X-CUBE-TOUCHGFX.4.23.2
2024-09-12 22:38:12,772 [WARN] PackLoader:240 - Cannot read IP mode file for STMicroelectronics.X-CUBE-AZRTOS-F7.1.1.0
2024-09-12 22:38:12,789 [WARN] PackLoader:240 - Cannot read IP mode file for STMicroelectronics.FP-SNS-MOTENV1.4.3.2
2024-09-12 22:38:12,874 [WARN] PackLoader:240 - Cannot read IP mode file for STMicroelectronics.X-CUBE-MEMS1.11.0.0
2024-09-12 22:38:13,091 [WARN] PackLoader:240 - Cannot read IP mode file for STMicroelectronics.FP-SNS-FLIGHT1.5.0.2
2024-09-12 22:38:13,101 [WARN] PackLoader:240 - Cannot read IP mode file for STMicroelectronics.X-CUBE-DISPLAY.3.0.0
2024-09-12 22:38:13,115 [WARN] PackLoader:240 - Cannot read IP mode file for STMicroelectronics.X-CUBE-BLE1.7.0.0
2024-09-12 22:38:13,122 [WARN] PackLoader:240 - Cannot read IP mode file for emotas.I-CUBE-CANOPEN.1.3.0
2024-09-12 22:38:13,133 [WARN] PackLoader:240 - Cannot read IP mode file for STMicroelectronics.X-CUBE-BLEMGR.3.1.0
2024-09-12 22:38:13,142 [WARN] PackLoader:240 - Cannot read IP mode file for STMicroelectronics.FP-SNS-SMARTAG2.1.2.0
2024-09-12 22:38:13,152 [INFO] LogOutputStream:77 - [STDOUT_REDIRECT] 1 : Invalid condition id : UX_CORESTACK_Condition cause : null
2024-09-12 22:38:13,153 [INFO] LogOutputStream:77 - [STDOUT_REDIRECT] 1 : Invalid condition id : UX_CORESTACK_Condition cause : null
2024-09-12 22:38:13,154 [INFO] LogOutputStream:77 - [STDOUT_REDIRECT] 1 : Invalid condition id : UX_CORESTACK_Condition cause : null
2024-09-12 22:38:13,155 [INFO] LogOutputStream:77 - [STDOUT_REDIRECT] 1 : Invalid condition id : UX_CORESTACK_Condition cause : null
2024-09-12 22:38:13,157 [INFO] LogOutputStream:77 - [STDOUT_REDIRECT] 1 : Invalid condition id : UX_CORESTACK_Condition cause : null
2024-09-12 22:38:13,160 [WARN] PackLoader:240 - Cannot read IP mode file for STMicroelectronics.X-CUBE-AZRTOS-WL.2.0.0
2024-09-12 22:38:13,166 [WARN] PackLoader:240 - Cannot read IP mode file for STMicroelectronics.FP-SNS-MOTENV1.5.0.0
2024-09-12 22:38:13,171 [WARN] PackLoader:240 - Cannot read IP mode file for wolfSSL.I-CUBE-wolfMQTT.1.19.0
2024-09-12 22:38:13,183 [WARN] PackLoader:240 - Cannot read IP mode file for WES.I-CUBE-Cesium.1.3.0
2024-09-12 22:38:13,208 [WARN] PackLoader:240 - Cannot read IP mode file for STMicroelectronics.X-CUBE-BLE2.3.3.0
2024-09-12 22:38:13,221 [WARN] PackLoader:240 - Cannot read IP mode file for STMicroelectronics.X-CUBE-TCPP.4.1.0
2024-09-12 22:38:13,230 [WARN] PackLoader:240 - Cannot read IP mode file for STMicroelectronics.X-CUBE-ALGOBUILD.1.3.0
2024-09-12 22:38:13,249 [WARN] PackLoader:240 - Cannot read IP mode file for STMicroelectronics.X-CUBE-AZRTOS-G0.1.1.0
2024-09-12 22:38:13,261 [WARN] PackLoader:240 - Cannot read IP mode file for STMicroelectronics.X-CUBE-SAFEA1.1.2.2
2024-09-12 22:38:13,270 [WARN] PackLoader:240 - Cannot read IP mode file for STMicroelectronics.X-CUBE-NFC4.3.0.0
2024-09-12 22:38:13,281 [WARN] PackLoader:240 - Cannot read IP mode file for wolfSSL.I-CUBE-wolfMQTT.1.18.0
2024-09-12 22:38:13,296 [WARN] PackLoader:240 - Cannot read IP mode file for EmbeddedOffice.I-CUBE-FS-RTOS.1.0.1
2024-09-12 22:38:13,297 [ERROR] ConditionMgr:805 - Attr not supported : Dmpu
2024-09-12 22:38:13,297 [ERROR] ConditionMgr:805 - Attr not supported : Dmpu
2024-09-12 22:38:13,298 [ERROR] ConditionMgr:805 - Attr not supported : Dmpu
2024-09-12 22:38:13,298 [ERROR] ConditionMgr:805 - Attr not supported : Dmpu
2024-09-12 22:38:13,298 [ERROR] ConditionMgr:805 - Attr not supported : Dmpu
2024-09-12 22:38:13,298 [ERROR] ConditionMgr:805 - Attr not supported : Dmpu
2024-09-12 22:38:13,298 [ERROR] ConditionMgr:805 - Attr not supported : Dmpu
2024-09-12 22:38:13,298 [ERROR] ConditionMgr:805 - Attr not supported : Dmpu
2024-09-12 22:38:13,298 [ERROR] ConditionMgr:805 - Attr not supported : Dmpu
2024-09-12 22:38:13,298 [ERROR] ConditionMgr:805 - Attr not supported : Dmpu
2024-09-12 22:38:13,298 [ERROR] ConditionMgr:805 - Attr not supported : Dmpu
2024-09-12 22:38:13,298 [ERROR] ConditionMgr:805 - Attr not supported : Dmpu
2024-09-12 22:38:13,298 [ERROR] ConditionMgr:805 - Attr not supported : Dmpu
2024-09-12 22:38:13,298 [ERROR] ConditionMgr:805 - Attr not supported : Dmpu
2024-09-12 22:38:13,299 [ERROR] ConditionMgr:805 - Attr not supported : Dmpu
2024-09-12 22:38:13,299 [ERROR] ConditionMgr:805 - Attr not supported : Dmpu
2024-09-12 22:38:13,299 [ERROR] ConditionMgr:805 - Attr not supported : Dmpu
2024-09-12 22:38:13,299 [ERROR] ConditionMgr:805 - Attr not supported : Dmpu
2024-09-12 22:38:13,299 [ERROR] ConditionMgr:805 - Attr not supported : Dmpu
2024-09-12 22:38:13,299 [ERROR] ConditionMgr:805 - Attr not supported : Dmpu
2024-09-12 22:38:13,299 [ERROR] ConditionMgr:805 - Attr not supported : Dmpu
2024-09-12 22:38:13,299 [ERROR] ConditionMgr:805 - Attr not supported : Dmpu
2024-09-12 22:38:13,299 [ERROR] ConditionMgr:805 - Attr not supported : Dmpu
2024-09-12 22:38:13,299 [ERROR] ConditionMgr:805 - Attr not supported : Dmpu
2024-09-12 22:38:13,299 [ERROR] ConditionMgr:805 - Attr not supported : Dmpu
2024-09-12 22:38:13,299 [ERROR] ConditionMgr:805 - Attr not supported : Dmpu
2024-09-12 22:38:13,299 [ERROR] ConditionMgr:805 - Attr not supported : Dmpu
2024-09-12 22:38:13,300 [ERROR] ConditionMgr:805 - Attr not supported : Dmpu
2024-09-12 22:38:13,300 [ERROR] ConditionMgr:805 - Attr not supported : Dmpu
2024-09-12 22:38:13,300 [ERROR] ConditionMgr:805 - Attr not supported : Dmpu
2024-09-12 22:38:13,300 [ERROR] ConditionMgr:805 - Attr not supported : Dmpu
2024-09-12 22:38:13,300 [ERROR] ConditionMgr:805 - Attr not supported : Dmpu
2024-09-12 22:38:13,300 [ERROR] ConditionMgr:805 - Attr not supported : Dmpu
2024-09-12 22:38:13,300 [ERROR] ConditionMgr:805 - Attr not supported : Dmpu
2024-09-12 22:38:13,300 [ERROR] ConditionMgr:805 - Attr not supported : Dmpu
2024-09-12 22:38:13,300 [ERROR] ConditionMgr:805 - Attr not supported : Dmpu
2024-09-12 22:38:13,300 [ERROR] ConditionMgr:805 - Attr not supported : Dmpu
2024-09-12 22:38:13,300 [ERROR] ConditionMgr:805 - Attr not supported : Dmpu
2024-09-12 22:38:13,301 [ERROR] ConditionMgr:805 - Attr not supported : Dmpu
2024-09-12 22:38:13,301 [ERROR] ConditionMgr:805 - Attr not supported : Dmpu
2024-09-12 22:38:13,301 [ERROR] ConditionMgr:805 - Attr not supported : Dmpu
2024-09-12 22:38:13,301 [ERROR] ConditionMgr:805 - Attr not supported : Dmpu
2024-09-12 22:38:13,301 [ERROR] ConditionMgr:805 - Attr not supported : Dmpu
2024-09-12 22:38:13,301 [ERROR] ConditionMgr:805 - Attr not supported : Dmpu
2024-09-12 22:38:13,301 [ERROR] ConditionMgr:805 - Attr not supported : Dmpu
2024-09-12 22:38:13,301 [ERROR] ConditionMgr:805 - Attr not supported : Dmpu
2024-09-12 22:38:13,301 [ERROR] ConditionMgr:805 - Attr not supported : Dmpu
2024-09-12 22:38:13,301 [ERROR] ConditionMgr:805 - Attr not supported : Dmpu
2024-09-12 22:38:13,301 [ERROR] ConditionMgr:805 - Attr not supported : Dmpu
2024-09-12 22:38:13,302 [ERROR] ConditionMgr:805 - Attr not supported : Dmpu
2024-09-12 22:38:13,302 [ERROR] ConditionMgr:805 - Attr not supported : Dmpu
2024-09-12 22:38:13,302 [ERROR] ConditionMgr:805 - Attr not supported : Dmpu
2024-09-12 22:38:13,302 [ERROR] ConditionMgr:805 - Attr not supported : Dmpu
2024-09-12 22:38:13,302 [ERROR] ConditionMgr:805 - Attr not supported : Dmpu
2024-09-12 22:38:13,302 [ERROR] ConditionMgr:805 - Attr not supported : Dmpu
2024-09-12 22:38:13,302 [ERROR] ConditionMgr:805 - Attr not supported : Dmpu
2024-09-12 22:38:13,302 [ERROR] ConditionMgr:805 - Attr not supported : Dmpu
2024-09-12 22:38:13,302 [ERROR] ConditionMgr:805 - Attr not supported : Dmpu
2024-09-12 22:38:13,302 [ERROR] ConditionMgr:805 - Attr not supported : Dmpu
2024-09-12 22:38:13,303 [ERROR] ConditionMgr:805 - Attr not supported : Dmpu
2024-09-12 22:38:13,303 [ERROR] ConditionMgr:805 - Attr not supported : Dmpu
2024-09-12 22:38:13,303 [ERROR] ConditionMgr:805 - Attr not supported : Dmpu
2024-09-12 22:38:13,303 [ERROR] ConditionMgr:805 - Attr not supported : Dmpu
2024-09-12 22:38:13,304 [ERROR] ConditionMgr:805 - Attr not supported : Dmpu
2024-09-12 22:38:13,316 [WARN] PackLoader:240 - Cannot read IP mode file for STMicroelectronics.X-CUBE-BLEMGR.3.0.0
2024-09-12 22:38:13,327 [WARN] PackLoader:240 - Cannot read IP mode file for RealThread.X-CUBE-RT-Thread_Nano.4.1.1
2024-09-12 22:38:13,336 [WARN] PackLoader:240 - Cannot read IP mode file for STMicroelectronics.FP-ATR-SIGFOX1.3.2.0
2024-09-12 22:38:13,343 [WARN] PackLoader:240 - Cannot read IP mode file for wolfSSL.I-CUBE-wolfSSL.5.7.2
2024-09-12 22:38:13,355 [WARN] PackLoader:240 - Cannot read IP mode file for STMicroelectronics.X-CUBE-EEPRMA1.5.1.0
2024-09-12 22:38:13,379 [WARN] PackLoader:240 - Cannot read IP mode file for ITTIA_DB.I-CUBE-ITTIADB.8.9.0
2024-09-12 22:38:13,424 [WARN] PackLoader:240 - Cannot read IP mode file for SEGGER.I-CUBE-embOS.1.3.1
2024-09-12 22:38:13,482 [WARN] PackLoader:240 - Cannot read IP mode file for STMicroelectronics.X-CUBE-ALGOBUILD.1.4.0
2024-09-12 22:38:13,493 [WARN] PackLoader:240 - Cannot read IP mode file for STMicroelectronics.X-CUBE-GNSS1.6.0.0
2024-09-12 22:38:13,519 [WARN] PackLoader:240 - Cannot read IP mode file for STMicroelectronics.X-CUBE-AZRTOS-F4.1.1.0
2024-09-12 22:38:13,532 [WARN] PackLoader:240 - Cannot read IP mode file for STMicroelectronics.X-CUBE-FREERTOS.1.2.0
2024-09-12 22:38:13,538 [WARN] PackLoader:240 - Cannot read IP mode file for wolfSSL.I-CUBE-wolfSSL.5.6.6
2024-09-12 22:38:13,568 [WARN] PackLoader:240 - Cannot read IP mode file for STMicroelectronics.X-CUBE-AZRTOS-L5.2.0.0
2024-09-12 22:38:13,586 [WARN] PackLoader:240 - Cannot read IP mode file for STMicroelectronics.X-CUBE-NFC6.3.1.0
2024-09-12 22:38:13,600 [WARN] PackLoader:240 - Cannot read IP mode file for ITTIA_DB.I-CUBE-ITTIADB.8.8.0
2024-09-12 22:38:13,612 [WARN] PackLoader:240 - Cannot read IP mode file for STMicroelectronics.X-CUBE-DPower.1.2.0
2024-09-12 22:38:13,621 [WARN] PackLoader:240 - Cannot read IP mode file for STMicroelectronics.X-CUBE-AI.9.0.0
2024-09-12 22:38:13,658 [INFO] WebApp:448 - Apply proxy settings
2024-09-12 22:38:13,658 [INFO] WebApp:533 - Chromium requires no authentication
2024-09-12 22:38:13,666 [WARN] ConditionMgr:438 - getConditionDescription Invalid condition id : Dummy Dependencies cause : null
2024-09-12 22:38:13,674 [INFO] WebApp:476 - Direct internet connection detected
2024-09-12 22:38:13,725 [INFO] WebApp:869 - Register for checkConnection events
2024-09-12 22:38:13,726 [INFO] WebApp:448 - Apply proxy settings
2024-09-12 22:38:13,726 [INFO] WebApp:533 - Chromium requires no authentication
2024-09-12 22:38:13,728 [INFO] WebApp:476 - Direct internet connection detected
2024-09-12 22:38:13,926 [WARN] ConditionMgr:1039 - genDependencies : Invalid condition id : Dummy Dependencies cause : null
2024-09-12 22:38:13,933 [WARN] ConditionMgr:1039 - genDependencies : Invalid condition id : Dummy Dependencies cause : null
2024-09-12 22:38:13,934 [WARN] ConditionMgr:1039 - genDependencies : Invalid condition id : Dummy Dependencies cause : null
2024-09-12 22:38:13,951 [WARN] ConditionMgr:438 - getConditionDescription Invalid condition id : Dummy Dependencies cause : null
2024-09-12 22:38:14,002 [INFO] WebApp:220 - Starting web application
2024-09-12 22:38:14,003 [INFO] WebApp:578 - Web application path used C:\ST\STM32CubeIDE_1.16.0\STM32CubeIDE\plugins\com.st.stm32cube.common.mx_6.12.0.202406281431\db\plugins\mcufinder\reactClient1\index.html
2024-09-12 22:38:14,116 [WARN] ConditionMgr:438 - getConditionDescription Invalid condition id : Dummy Dependencies cause : null
2024-09-12 22:38:14,372 [INFO] WebApp:186 - Connection restablished
2024-09-12 22:38:14,387 [WARN] ConditionMgr:1039 - genDependencies : Invalid condition id : Dummy Dependencies cause : null
2024-09-12 22:38:14,398 [WARN] ConditionMgr:1039 - genDependencies : Invalid condition id : Dummy Dependencies cause : null
2024-09-12 22:38:14,400 [WARN] ConditionMgr:1039 - genDependencies : Invalid condition id : Dummy Dependencies cause : null
2024-09-12 22:38:14,422 [WARN] ConditionMgr:438 - getConditionDescription Invalid condition id : Dummy Dependencies cause : null
2024-09-12 22:38:14,588 [WARN] PackLoader:240 - Cannot read IP mode file for STMicroelectronics.X-CUBE-NFC7.1.0.1
2024-09-12 22:38:14,600 [WARN] PackLoader:240 - Cannot read IP mode file for wolfSSL.I-CUBE-wolfTPM.3.2.0
2024-09-12 22:38:14,610 [WARN] PackLoader:240 - Cannot read IP mode file for STMicroelectronics.X-CUBE-NFC6.3.0.0
2024-09-12 22:38:14,622 [WARN] PackLoader:240 - Cannot read IP mode file for STMicroelectronics.X-CUBE-AI.8.1.0
2024-09-12 22:38:14,656 [WARN] ConditionMgr:438 - getConditionDescription Invalid condition id : LAN8742 Phy interface Condition cause : null
2024-09-12 22:38:14,657 [WARN] PackLoader:240 - Cannot read IP mode file for STMicroelectronics.X-CUBE-AZRTOS-L4.2.0.0
2024-09-12 22:38:14,659 [WARN] ConditionMgr:1039 - genDependencies : Invalid condition id : LAN8742 Phy interface Condition cause : null
2024-09-12 22:38:14,660 [WARN] ConditionMgr:1039 - genDependencies : Invalid condition id : LAN8742 Phy interface Condition cause : null
2024-09-12 22:38:14,660 [WARN] ConditionMgr:1039 - genDependencies : Invalid condition id : LAN8742 Phy interface Condition cause : null
2024-09-12 22:38:14,673 [WARN] PackLoader:240 - Cannot read IP mode file for STMicroelectronics.X-CUBE-SFXS2LP1.4.0.0
2024-09-12 22:38:14,706 [WARN] PackLoader:240 - Cannot read IP mode file for STMicroelectronics.X-CUBE-AZRTOS-H7.3.3.0
2024-09-12 22:38:14,707 [ERROR] LogOutputStream:75 - [STDERR_REDIRECT] Sep 12, 2024 10:38:14 PM org.glassfish.grizzly.http.server.NetworkListener start
2024-09-12 22:38:14,709 [ERROR] LogOutputStream:75 - [STDERR_REDIRECT] INFO: Started listener bound to [localhost:1597]
2024-09-12 22:38:14,710 [ERROR] LogOutputStream:75 - [STDERR_REDIRECT] 
2024-09-12 22:38:14,712 [ERROR] LogOutputStream:75 - [STDERR_REDIRECT] Sep 12, 2024 10:38:14 PM org.glassfish.grizzly.http.server.HttpServer start
2024-09-12 22:38:14,713 [ERROR] LogOutputStream:75 - [STDERR_REDIRECT] INFO: [HttpServer] Started.
2024-09-12 22:38:14,714 [ERROR] LogOutputStream:75 - [STDERR_REDIRECT] 
2024-09-12 22:38:14,730 [WARN] ConditionMgr:438 - getConditionDescription Invalid condition id : UX DEVICE CLASS RTOS Condition cause : null
2024-09-12 22:38:14,731 [WARN] ConditionMgr:438 - getConditionDescription Invalid condition id : UX DEVICE CLASS RTOS Condition cause : null
2024-09-12 22:38:14,734 [WARN] PackLoader:240 - Cannot read IP mode file for STMicroelectronics.X-CUBE-AZRTOS-WB.2.0.0
2024-09-12 22:38:14,735 [WARN] ConditionMgr:1039 - genDependencies : Invalid condition id : UX DEVICE CLASS RTOS Condition cause : null
2024-09-12 22:38:14,736 [WARN] ConditionMgr:1039 - genDependencies : Invalid condition id : UX DEVICE CLASS RTOS Condition cause : null
2024-09-12 22:38:14,737 [WARN] ConditionMgr:1039 - genDependencies : Invalid condition id : UX DEVICE CLASS RTOS Condition cause : null
2024-09-12 22:38:14,737 [WARN] ConditionMgr:1039 - genDependencies : Invalid condition id : UX DEVICE CLASS RTOS Condition cause : null
2024-09-12 22:38:14,737 [WARN] ConditionMgr:1039 - genDependencies : Invalid condition id : UX DEVICE CLASS RTOS Condition cause : null
2024-09-12 22:38:14,747 [WARN] PackLoader:240 - Cannot read IP mode file for STMicroelectronics.X-CUBE-GNSS1.7.0.0
2024-09-12 22:38:14,759 [WARN] PackLoader:240 - Cannot read IP mode file for STMicroelectronics.FP-SNS-STBOX1.2.0.0
2024-09-12 22:38:14,776 [WARN] PackLoader:240 - Cannot read IP mode file for STMicroelectronics.X-CUBE-SUBG2.5.0.0
2024-09-12 22:38:14,795 [WARN] PackLoader:240 - Cannot read IP mode file for Cesanta.I-CUBE-Mongoose.7.13.0
2024-09-12 22:38:14,823 [WARN] PackLoader:240 - Cannot read IP mode file for STMicroelectronics.X-CUBE-AZRTOS-G4.2.0.0
2024-09-12 22:38:14,848 [WARN] PackLoader:240 - Cannot read IP mode file for Infineon.AIROC-Wi-Fi-Bluetooth-STM32.1.5.1
2024-09-12 22:38:14,864 [WARN] PackLoader:240 - Cannot read IP mode file for STMicroelectronics.FP-SNS-MOTENVWB1.1.3.1
2024-09-12 22:38:14,878 [WARN] PackLoader:240 - Cannot read IP mode file for STMicroelectronics.X-CUBE-ISPU.2.0.0
2024-09-12 22:38:14,886 [WARN] PackLoader:240 - Cannot read IP mode file for STMicroelectronics.X-CUBE-ALS.1.0.2
2024-09-12 22:38:14,954 [WARN] PackLoader:240 - Cannot read IP mode file for STMicroelectronics.X-CUBE-MEMS1.10.0.0
2024-09-12 22:38:15,111 [WARN] PackLoader:240 - Cannot read IP mode file for STMicroelectronics.X-CUBE-FREERTOS.1.1.0
2024-09-12 22:38:15,116 [WARN] PackLoader:240 - Cannot read IP mode file for STMicroelectronics.X-CUBE-TOUCHGFX.4.24.0
2024-09-12 22:38:15,122 [WARN] PackLoader:240 - Cannot read IP mode file for portGmbH.I-Cube-SoM-uGOAL.1.1.0
2024-09-12 22:38:15,128 [WARN] PackLoader:240 - Cannot read IP mode file for STMicroelectronics.X-CUBE-ALS.1.0.1
2024-09-12 22:38:15,157 [WARN] PackLoader:240 - Cannot read IP mode file for STMicroelectronics.X-CUBE-AZRTOS-H7RS.1.0.0
2024-09-12 22:38:15,166 [WARN] PackLoader:240 - Cannot read IP mode file for STMicroelectronics.FP-ATR-ASTRA1.2.0.0
2024-09-12 22:38:15,176 [WARN] PackLoader:240 - Cannot read IP mode file for STMicroelectronics.X-CUBE-TOF1.3.4.2
2024-09-12 22:38:15,196 [WARN] PackLoader:240 - Cannot read IP mode file for STMicroelectronics.X-CUBE-TOF1.3.4.0
2024-09-12 22:38:15,220 [WARN] PackLoader:240 - Cannot read IP mode file for STMicroelectronics.X-CUBE-TOF1.3.4.1
2024-09-12 22:38:15,256 [WARN] PackLoader:240 - Cannot read IP mode file for STMicroelectronics.X-CUBE-AZRTOS-H7.3.2.0
2024-09-12 22:38:15,274 [WARN] PackLoader:240 - Cannot read IP mode file for Infineon.AIROC-Wi-Fi-Bluetooth-STM32.1.6.0
2024-09-12 22:38:15,285 [WARN] PackLoader:240 - Cannot read IP mode file for wolfSSL.I-CUBE-wolfSSH.1.4.17
2024-09-12 22:38:15,287 [INFO] ThirdParty:978 - Integrity check success = true
2024-09-12 22:38:15,287 [INFO] IntegrityCheckThread:100 - exiting critical section [integrity check]
2024-09-12 22:38:15,287 [INFO] IntegrityCheckThread:103 - End integrity checks thread
2024-09-12 22:39:43,623 [ERROR] LogOutputStream:75 - [STDERR_REDIRECT] 
